INSERT 0 1358
INSERT 0 4847
INSERT 0 3047
INSERT 0 4707
INSERT 0 177
INSERT 0 447
INSERT 0 1174
INSERT 0 8949
INSERT 0 11526
INSERT 0 89789
INSERT 0 17332
INSERT 0 16868
INSERT 0 19739
INSERT 0 38576
INSERT 0 19650
INSERT 0 20994
INSERT 0 11692
INSERT 0 6509
INSERT 0 9543
INSERT 0 12360
INSERT 0 10686
INSERT 0 16975
INSERT 0 7625
INSERT 0 9404
INSERT 0 6711
INSERT 0 12562
INSERT 0 62665
INSERT 0 15428
INSERT 0 14512
INSERT 0 10735
INSERT 0 6557
INSERT 0 27145
INSERT 0 8439
INSERT 0 4732
INSERT 0 11672
INSERT 0 20905
INSERT 0 12612
INSERT 0 14754
INSERT 0 11688
INSERT 0 6926
INSERT 0 3937
INSERT 0 11312
INSERT 0 2386
