INSERT 0 3548
INSERT 0 4807
INSERT 0 9192
INSERT 0 2768
INSERT 0 1103
INSERT 0 1216
INSERT 0 1770
INSERT 0 72872
INSERT 0 119338
INSERT 0 403134
INSERT 0 196043
INSERT 0 222652
INSERT 0 242830
INSERT 0 203213
INSERT 0 143052
INSERT 0 370441
INSERT 0 280374
INSERT 0 548939
INSERT 0 319242
INSERT 0 571726
INSERT 0 395353
INSERT 0 309217
INSERT 0 313211
INSERT 0 825568
INSERT 0 642491
INSERT 0 769535
INSERT 0 850260
INSERT 0 1597434
INSERT 0 2228068
INSERT 0 1582626
INSERT 0 1147972
INSERT 0 1399975
INSERT 0 1085458
INSERT 0 1534945
INSERT 0 2270673
INSERT 0 1765171
INSERT 0 2214303
INSERT 0 2701586
INSERT 0 1373026
INSERT 0 2832249
INSERT 0 1706839
INSERT 0 2515973
INSERT 0 279807
